<?xml version="1.0" encoding="UTF-8"?>
<!-- Generated by org.testng.reporters.JUnitReportReporter -->
<testsuite hostname="DESKTOP-A67D2LQ" failures="0" tests="1" name="Package1.Class4" time="38.871" errors="0" timestamp="2021-04-05T13:36:59 IST" skipped="0">
  <testcase classname="Package1.Class4" name="testing1" time="38.871"/>
  <system-out/>
</testsuite> <!-- Package1.Class4 -->
